#
# There is insufficient memory for the Java Runtime Environment to continue.
# Native memory allocation (malloc) failed to allocate 1048576 bytes for AllocateHeap
# Possible reasons:
#   The system is out of physical RAM or swap space
#   The process is running with CompressedOops enabled, and the Java Heap may be blocking the growth of the native heap
# Possible solutions:
#   Reduce memory load on the system
#   Increase physical memory or swap space
#   Check if swap backing store is full
#   Decrease Java heap size (-Xmx/-Xms)
#   Decrease number of Java threads
#   Decrease Java thread stack sizes (-Xss)
#   Set larger code cache with -XX:ReservedCodeCacheSize=
#   JVM is running with Unscaled Compressed Oops mode in which the Java heap is
#     placed in the first 4GB address space. The Java Heap base address is the
#     maximum limit for the native heap growth. Please use -XX:HeapBaseMinAddress
#     to set the Java Heap base and to place the Java Heap above 4GB virtual address.
# This output file may be truncated or incomplete.
#
#  Out of Memory Error (memory/allocation.inline.hpp:61), pid=26648, tid=0x0000000000002498
#
# JRE version:  (8.0_221-b11) (build )
# Java VM: Java HotSpot(TM) 64-Bit Server VM (25.221-b11 mixed mode windows-amd64 compressed oops)
# Failed to write core dump. Minidumps are not enabled by default on client versions of Windows
#

---------------  T H R E A D  ---------------

Current thread (0x000000000346e800):  JavaThread "Unknown thread" [_thread_in_vm, id=9368, stack(0x0000000003270000,0x0000000003370000)]

Stack: [0x0000000003270000,0x0000000003370000]
[error occurred during error reporting (printing stack bounds), id 0xc0000005]

Native frames: (J=compiled Java code, j=interpreted, Vv=VM code, C=native code)


---------------  P R O C E S S  ---------------

Java Threads: ( => current thread )

Other Threads:

=>0x000000000346e800 (exited) JavaThread "Unknown thread" [_thread_in_vm, id=9368, stack(0x0000000003270000,0x0000000003370000)]

VM state:not at safepoint (normal execution)

VM Mutex/Monitor currently owned by a thread: None

heap address: 0x0000000081c00000, size: 2020 MB, Compressed Oops mode: 32-bit
Narrow klass base: 0x0000000000000000, Narrow klass shift: 3
Compressed class space size: 1073741824 Address: 0x0000000100000000

Heap:
 PSYoungGen      total 38400K, used 665K [0x00000000d5f00000, 0x00000000d8980000, 0x0000000100000000)
  eden space 33280K, 2% used [0x00000000d5f00000,0x00000000d5fa6670,0x00000000d7f80000)
  from space 5120K, 0% used [0x00000000d8480000,0x00000000d8480000,0x00000000d8980000)
  to   space 5120K, 0% used [0x00000000d7f80000,0x00000000d7f80000,0x00000000d8480000)
 ParOldGen       total 87552K, used 0K [0x0000000081c00000, 0x0000000087180000, 0x00000000d5f00000)
  object space 87552K, 0% used [0x0000000081c00000,0x0000000081c00000,0x0000000087180000)
 Metaspace       used 752K, capacity 4480K, committed 4480K, reserved 1056768K
  class space    used 76K, capacity 384K, committed 384K, reserved 1048576K

Card table byte_map: [0x0000000012930000,0x0000000012d30000] byte_map_base: 0x0000000012522000

Marking Bits: (ParMarkBitMap*) 0x000000006c765ce0
 Begin Bits: [0x00000000137e0000, 0x0000000015770000)
 End Bits:   [0x0000000015770000, 0x0000000017700000)

Polling page: 0x00000000016a0000

CodeCache: size=245760Kb used=328Kb max_used=328Kb free=245431Kb
 bounds [0x0000000003570000, 0x00000000037e0000, 0x0000000012570000]
 total_blobs=58 nmethods=0 adapters=38
 compilation: enabled

Compilation events (0 events):
No events

GC Heap History (0 events):
No events

Deoptimization events (0 events):
No events

Classes redefined (0 events):
No events

Internal exceptions (0 events):
No events

Events (10 events):
Event: 0.056 loading class java/lang/Short
Event: 0.056 loading class java/lang/Short done
Event: 0.056 loading class java/lang/Integer
Event: 0.056 loading class java/lang/Integer done
Event: 0.056 loading class java/lang/Long
Event: 0.056 loading class java/lang/Long done
Event: 0.057 loading class java/lang/NullPointerException
Event: 0.057 loading class java/lang/NullPointerException done
Event: 0.057 loading class java/lang/ArithmeticException
Event: 0.057 loading class java/lang/ArithmeticException done


Dynamic libraries:
0x00007ff79dc50000 - 0x00007ff79dc87000 	C:\Program Files\Java\jre1.8.0_221\bin\javaw.exe
0x00007ffc4c080000 - 0x00007ffc4c270000 	C:\windows\SYSTEM32\ntdll.dll
0x00007ffc4b690000 - 0x00007ffc4b742000 	C:\windows\System32\KERNEL32.DLL
0x00007ffc49160000 - 0x00007ffc49403000 	C:\windows\System32\KERNELBASE.dll
0x00007ffc4b5e0000 - 0x00007ffc4b683000 	C:\windows\System32\ADVAPI32.dll
0x00007ffc4b830000 - 0x00007ffc4b8ce000 	C:\windows\System32\msvcrt.dll
0x00007ffc4a130000 - 0x00007ffc4a1c7000 	C:\windows\System32\sechost.dll
0x00007ffc4ad00000 - 0x00007ffc4ae20000 	C:\windows\System32\RPCRT4.dll
0x00007ffc4be00000 - 0x00007ffc4bf94000 	C:\windows\System32\USER32.dll
0x00007ffc49f50000 - 0x00007ffc49f71000 	C:\windows\System32\win32u.dll
0x00007ffc4c010000 - 0x00007ffc4c036000 	C:\windows\System32\GDI32.dll
0x00007ffc49410000 - 0x00007ffc495a4000 	C:\windows\System32\gdi32full.dll
0x00007ffc49e90000 - 0x00007ffc49f2e000 	C:\windows\System32\msvcp_win.dll
0x00007ffc49fe0000 - 0x00007ffc4a0da000 	C:\windows\System32\ucrtbase.dll
0x00007ffc35d20000 - 0x00007ffc35fa5000 	C:\windows\WinSxS\amd64_microsoft.windows.common-controls_6595b64144ccf1df_6.0.18362.535_none_e6c3b34713100821\COMCTL32.dll
0x00007ffc4b2a0000 - 0x00007ffc4b5d6000 	C:\windows\System32\combase.dll
0x00007ffc495e0000 - 0x00007ffc49660000 	C:\windows\System32\bcryptPrimitives.dll
0x00007ffc4a1d0000 - 0x00007ffc4a1fe000 	C:\windows\System32\IMM32.DLL
0x000000006be60000 - 0x000000006bf32000 	C:\Program Files\Java\jre1.8.0_221\bin\msvcr100.dll
0x000000006bf40000 - 0x000000006c7e5000 	C:\Program Files\Java\jre1.8.0_221\bin\server\jvm.dll
0x00007ffc4ac90000 - 0x00007ffc4ac98000 	C:\windows\System32\PSAPI.DLL
0x00007ffc3bc10000 - 0x00007ffc3bc19000 	C:\windows\SYSTEM32\WSOCK32.dll
0x00007ffc4b7c0000 - 0x00007ffc4b82f000 	C:\windows\System32\WS2_32.dll
0x00007ffc377b0000 - 0x00007ffc377d4000 	C:\windows\SYSTEM32\WINMM.dll
0x00007ffc44490000 - 0x00007ffc4449a000 	C:\windows\SYSTEM32\VERSION.dll
0x00007ffc38290000 - 0x00007ffc382bd000 	C:\windows\SYSTEM32\WINMMBASE.dll
0x00007ffc4a0e0000 - 0x00007ffc4a12a000 	C:\windows\System32\cfgmgr32.dll
0x00007ffc44800000 - 0x00007ffc4480f000 	C:\Program Files\Java\jre1.8.0_221\bin\verify.dll
0x00007ffc19b40000 - 0x00007ffc19b69000 	C:\Program Files\Java\jre1.8.0_221\bin\java.dll
0x00007ffc1f920000 - 0x00007ffc1f936000 	C:\Program Files\Java\jre1.8.0_221\bin\zip.dll

VM Arguments:
jvm_args: -Dfile.encoding=MS949 
java_command: Main
java_class_path (initial): C:\cheon\coding\CodingTestPractice\20200108-3\bin
Launcher Type: SUN_STANDARD

Environment Variables:
JAVA_HOME=C:\Program Files\Java\jdk1.8.0_221
CLASSPATH=C:\Program Files\Java\jdk1.8.0_221\lib
PATH=C:/Program Files/Java/jre1.8.0_221/bin/server;C:/Program Files/Java/jre1.8.0_221/bin;C:/Program Files/Java/jre1.8.0_221/lib/amd64;C:\Program Files (x86)\Common Files\Oracle\Java\javapath;C:\windows\system32;C:\windows;C:\windows\System32\Wbem;C:\windows\System32\WindowsPowerShell\v1.0\;C:\windows\System32\OpenSSH\;"C:\Program Files\Java\jdk1.8.0_221\bin;";C:\Program Files\Git\cmd;C:\cheon\program\nodejs\;C:\cheon\program\Gradle\gradle-5.6.2\bin;C:\Program Files (x86)\Common Files\Adobe\AGL;C:\Program Files (x86)\Windows Live\Shared;C:\MinGW\bin;C:\Program Files\PuTTY\;C:\Ruby24-x64\bin;C:\Program Files\Ruby24-x64\bin;C:\Users\cnrrn\AppData\Local\Programs\Python\Python37\Scripts\;C:\Users\cnrrn\AppData\Local\Programs\Python\Python37\;C:\Users\cnrrn\Anaconda3;C:\Users\cnrrn\Anaconda3\Library\mingw-w64\bin;C:\Users\cnrrn\Anaconda3\Library\usr\bin;C:\Users\cnrrn\Anaconda3\Library\bin;C:\Users\cnrrn\Anaconda3\Scripts;C:\cheon\program\Microsoft VS Code\Microsoft VS Code\bin;C:\Users\cnrrn\AppData\Roaming\npm;C:\cheon\program\eclipse;
USERNAME=cnrrn
OS=Windows_NT
PROCESSOR_IDENTIFIER=Intel64 Family 6 Model 142 Stepping 12, GenuineIntel



---------------  S Y S T E M  ---------------

OS: Windows 10.0 , 64 bit Build 18362 (10.0.18362.329)

CPU:total 8 (initial active 8) (4 cores per cpu, 2 threads per core) family 6 model 142 stepping 12, cmov, cx8, fxsr, mmx, sse, sse2, sse3, ssse3, sse4.1, sse4.2, popcnt, avx, avx2, aes, clmul, erms, 3dnowpref, lzcnt, ht, tsc, tscinvbit, bmi1, bmi2, adx

Memory: 4k page, physical 8272116k(1192708k free), swap 33437940k(5912k free)

vm_info: Java HotSpot(TM) 64-Bit Server VM (25.221-b11) for windows-amd64 JRE (1.8.0_221-b11), built on Jul  4 2019 04:39:29 by "java_re" with MS VC++ 10.0 (VS2010)

time: Fri Jan 10 17:44:39 2020
timezone: 대한민국 표준시
elapsed time: 0 seconds (0d 0h 0m 0s)

